<?xml version="1.0" encoding="UTF-8"?>
<!-- Generated by org.testng.reporters.JUnitReportReporter -->
<testsuite hostname="Achu" failures="0" tests="12" name="testCases.SauceLoginTest" time="53.911" errors="0" timestamp="2024-10-31T22:05:27 GMT" skipped="0">
  <testcase classname="testCases.SauceLoginTest" name="LoginSubmission" time="1.210"/>
  <testcase classname="testCases.SauceLoginTest" name="LoginSubmission" time="1.208"/>
  <testcase classname="testCases.SauceLoginTest" name="LoginSubmission" time="6.590"/>
  <testcase classname="testCases.SauceLoginTest" name="LoginSubmission" time="7.444"/>
  <testcase classname="testCases.SauceLoginTest" name="LoginSubmission" time="11.809"/>
  <testcase classname="testCases.SauceLoginTest" name="LoginSubmission" time="2.025"/>
  <testcase classname="testCases.SauceLoginTest" name="LoginSubmission" time="6.583"/>
  <testcase classname="testCases.SauceLoginTest" name="LoginSubmission" time="3.776"/>
  <testcase classname="testCases.SauceLoginTest" name="LoginSubmission" time="4.107"/>
  <testcase classname="testCases.SauceLoginTest" name="LoginSubmission" time="1.653"/>
  <testcase classname="testCases.SauceLoginTest" name="LoginSubmission" time="4.943"/>
  <testcase classname="testCases.SauceLoginTest" name="LoginSubmission" time="2.563"/>
</testsuite> <!-- testCases.SauceLoginTest -->
