<?xml version="1.0" encoding="UTF-8"?>
<!-- Generated by org.testng.reporters.JUnitReportReporter -->
<testsuite hostname="Achu" failures="0" tests="3" name="testCases.SauceCheckoutTest" time="49.248" errors="0" timestamp="2024-10-31T22:05:27 GMT" skipped="0">
  <testcase classname="testCases.SauceCheckoutTest" name="Checkout" time="16.466"/>
  <testcase classname="testCases.SauceCheckoutTest" name="Checkout" time="17.122"/>
  <testcase classname="testCases.SauceCheckoutTest" name="Checkout" time="15.660"/>
</testsuite> <!-- testCases.SauceCheckoutTest -->
