<?xml version="1.0" encoding="UTF-8"?>
<!-- Generated by org.testng.reporters.JUnitReportReporter -->
<testsuite hostname="Achu" failures="0" tests="6" name="testCases.SauceProductTest" time="16.814" errors="0" timestamp="2024-10-31T22:05:27 GMT" skipped="0">
  <testcase classname="testCases.SauceProductTest" name="LoginSubmission" time="2.537"/>
  <testcase classname="testCases.SauceProductTest" name="LoginSubmission" time="1.955"/>
  <testcase classname="testCases.SauceProductTest" name="LoginSubmission" time="4.411"/>
  <testcase classname="testCases.SauceProductTest" name="Product" time="2.269"/>
  <testcase classname="testCases.SauceProductTest" name="Product" time="2.400"/>
  <testcase classname="testCases.SauceProductTest" name="Product" time="3.242"/>
</testsuite> <!-- testCases.SauceProductTest -->
