<?xml version="1.0" encoding="UTF-8"?>
<!-- Generated by org.testng.reporters.JUnitReportReporter -->
<testsuite hostname="Achu" failures="0" tests="3" name="testCases.SauceAddToCartTest" time="10.708" errors="0" timestamp="2024-10-31T22:05:27 GMT" skipped="0">
  <testcase classname="testCases.SauceAddToCartTest" name="ProductAddToCart" time="4.584"/>
  <testcase classname="testCases.SauceAddToCartTest" name="ProductAddToCart" time="3.424"/>
  <testcase classname="testCases.SauceAddToCartTest" name="ProductAddToCart" time="2.700"/>
</testsuite> <!-- testCases.SauceAddToCartTest -->
