<?xml version="1.0" encoding="UTF-8"?>
<!-- Generated by org.testng.reporters.JUnitReportReporter -->
<testsuite hostname="Achu" failures="0" tests="3" name="testCases.SauceYourInfoTest" time="14.967" errors="0" timestamp="2024-10-31T22:05:27 GMT" skipped="0">
  <testcase classname="testCases.SauceYourInfoTest" name="AddYourInformation" time="5.793"/>
  <testcase classname="testCases.SauceYourInfoTest" name="AddYourInformation" time="5.470"/>
  <testcase classname="testCases.SauceYourInfoTest" name="AddYourInformation" time="3.704"/>
</testsuite> <!-- testCases.SauceYourInfoTest -->
